  Lower_bounds.cpp
C:\Users\E.L.Jenneskens\Documents\git\Thesis_Matrix_Part\The_Matrix_Partitioner\code ordenen\code ordenen\Lower_bounds.cpp(58,17): warning C4244: 'initializing': conversion from 'double' to 'int', possible loss of data
C:\Users\E.L.Jenneskens\Documents\git\Thesis_Matrix_Part\The_Matrix_Partitioner\code ordenen\code ordenen\Lower_bounds.cpp(133,19): warning C4244: 'initializing': conversion from 'double' to 'int', possible loss of data
C:\Users\E.L.Jenneskens\Documents\git\Thesis_Matrix_Part\The_Matrix_Partitioner\code ordenen\code ordenen\Lower_bounds.cpp(307,50): warning C4244: 'initializing': conversion from 'double' to 'int', possible loss of data
C:\Users\E.L.Jenneskens\Documents\git\Thesis_Matrix_Part\The_Matrix_Partitioner\code ordenen\code ordenen\Lower_bounds.cpp(317,50): warning C4244: 'initializing': conversion from 'double' to 'int', possible loss of data
C:\Users\E.L.Jenneskens\Documents\git\Thesis_Matrix_Part\The_Matrix_Partitioner\code ordenen\code ordenen\Lower_bounds.cpp(1020,50): warning C4244: 'initializing': conversion from 'double' to 'int', possible loss of data
C:\Users\E.L.Jenneskens\Documents\git\Thesis_Matrix_Part\The_Matrix_Partitioner\code ordenen\code ordenen\Lower_bounds.cpp(1028,50): warning C4244: 'initializing': conversion from 'double' to 'int', possible loss of data
  Possible_States.cpp
C:\Users\E.L.Jenneskens\Documents\git\Thesis_Matrix_Part\The_Matrix_Partitioner\code ordenen\code ordenen\Possible_States.cpp(681,29): warning C4244: 'initializing': conversion from 'double' to 'int', possible loss of data
C:\Users\E.L.Jenneskens\Documents\git\Thesis_Matrix_Part\The_Matrix_Partitioner\code ordenen\code ordenen\Possible_States.cpp(901,43): warning C4244: 'initializing': conversion from 'double' to 'int', possible loss of data
C:\Users\E.L.Jenneskens\Documents\git\Thesis_Matrix_Part\The_Matrix_Partitioner\code ordenen\code ordenen\Possible_States.cpp(1348,28): warning C4244: 'initializing': conversion from 'double' to 'int', possible loss of data
  Util.cpp
C:\Users\E.L.Jenneskens\Documents\git\Thesis_Matrix_Part\The_Matrix_Partitioner\code ordenen\code ordenen\Util.cpp(18,38): warning C4244: '+=': conversion from 'double' to 'int', possible loss of data
C:\Users\E.L.Jenneskens\Documents\git\Thesis_Matrix_Part\The_Matrix_Partitioner\code ordenen\code ordenen\Util.cpp(86,35): warning C4244: '=': conversion from 'double' to 'int', possible loss of data
C:\Users\E.L.Jenneskens\Documents\git\Thesis_Matrix_Part\The_Matrix_Partitioner\code ordenen\code ordenen\Util.cpp(100,11): warning C4244: 'initializing': conversion from 'double' to 'int', possible loss of data
C:\Users\E.L.Jenneskens\Documents\git\Thesis_Matrix_Part\The_Matrix_Partitioner\code ordenen\code ordenen\Util.cpp(119,10): warning C4244: 'initializing': conversion from 'double' to 'int', possible loss of data
  input.cpp
C:\Users\E.L.Jenneskens\Documents\git\Thesis_Matrix_Part\The_Matrix_Partitioner\code ordenen\code ordenen\input.cpp(85,20): warning C4101: 'data': unreferenced local variable
  main.cpp
C:\Users\E.L.Jenneskens\Documents\git\Thesis_Matrix_Part\The_Matrix_Partitioner\code ordenen\code ordenen\main.cpp(169,16): warning C4244: 'initializing': conversion from 'double' to 'int', possible loss of data
C:\Users\E.L.Jenneskens\Documents\git\Thesis_Matrix_Part\The_Matrix_Partitioner\code ordenen\code ordenen\main.cpp(215,22): warning C4244: 'initializing': conversion from 'float' to 'int', possible loss of data
C:\Users\E.L.Jenneskens\Documents\git\Thesis_Matrix_Part\The_Matrix_Partitioner\code ordenen\code ordenen\main.cpp(253,22): warning C4018: '<': signed/unsigned mismatch
  Generating code
  8 of 1848 functions ( 0.4%) were compiled, the rest were copied from previous compilation.
    1 functions were new in current compilation
    7 functions had inline decision re-evaluated but remain unchanged
  Finished generating code
  code ordenen.vcxproj -> C:\Users\E.L.Jenneskens\Documents\git\Thesis_Matrix_Part\The_Matrix_Partitioner\code ordenen\Release\code ordenen.exe
