c:\users\e.l.jenneskens\documents\git\thesis_matrix_part\the_matrix_partitioner\code ordenen\gmp\x64\release\vc142.pdb
c:\users\e.l.jenneskens\documents\git\thesis_matrix_part\the_matrix_partitioner\code ordenen\gmp\x64\release\util.obj
c:\users\e.l.jenneskens\documents\git\thesis_matrix_part\the_matrix_partitioner\code ordenen\gmp\x64\release\symmetry.obj
c:\users\e.l.jenneskens\documents\git\thesis_matrix_part\the_matrix_partitioner\code ordenen\gmp\x64\release\input.obj
c:\users\e.l.jenneskens\documents\git\thesis_matrix_part\the_matrix_partitioner\code ordenen\gmp\x64\release\possible_states.obj
c:\users\e.l.jenneskens\documents\git\thesis_matrix_part\the_matrix_partitioner\code ordenen\gmp\x64\release\output.obj
c:\users\e.l.jenneskens\documents\git\thesis_matrix_part\the_matrix_partitioner\code ordenen\gmp\x64\release\matrix.obj
c:\users\e.l.jenneskens\documents\git\thesis_matrix_part\the_matrix_partitioner\code ordenen\gmp\x64\release\main.obj
c:\users\e.l.jenneskens\documents\git\thesis_matrix_part\the_matrix_partitioner\code ordenen\gmp\x64\release\lower_bounds.obj
c:\users\e.l.jenneskens\documents\git\thesis_matrix_part\the_matrix_partitioner\code ordenen\x64\release\gmp.ipdb
c:\users\e.l.jenneskens\documents\git\thesis_matrix_part\the_matrix_partitioner\code ordenen\x64\release\gmp.iobj
c:\users\e.l.jenneskens\documents\git\thesis_matrix_part\the_matrix_partitioner\code ordenen\x64\release\gmp.exe
c:\users\e.l.jenneskens\documents\git\thesis_matrix_part\the_matrix_partitioner\code ordenen\x64\release\gmp.pdb
c:\users\e.l.jenneskens\documents\git\thesis_matrix_part\the_matrix_partitioner\code ordenen\gmp\x64\release\gmp.tlog\cl.command.1.tlog
c:\users\e.l.jenneskens\documents\git\thesis_matrix_part\the_matrix_partitioner\code ordenen\gmp\x64\release\gmp.tlog\cl.read.1.tlog
c:\users\e.l.jenneskens\documents\git\thesis_matrix_part\the_matrix_partitioner\code ordenen\gmp\x64\release\gmp.tlog\cl.write.1.tlog
c:\users\e.l.jenneskens\documents\git\thesis_matrix_part\the_matrix_partitioner\code ordenen\gmp\x64\release\gmp.tlog\gmp.write.1u.tlog
c:\users\e.l.jenneskens\documents\git\thesis_matrix_part\the_matrix_partitioner\code ordenen\gmp\x64\release\gmp.tlog\link.command.1.tlog
c:\users\e.l.jenneskens\documents\git\thesis_matrix_part\the_matrix_partitioner\code ordenen\gmp\x64\release\gmp.tlog\link.read.1.tlog
c:\users\e.l.jenneskens\documents\git\thesis_matrix_part\the_matrix_partitioner\code ordenen\gmp\x64\release\gmp.tlog\link.write.1.tlog
