c:\users\e.l.jenneskens\documents\git\thesis_matrix_part\the_matrix_partitioner\code ordenen\code ordenen\release\vc142.pdb
c:\users\e.l.jenneskens\documents\git\thesis_matrix_part\the_matrix_partitioner\code ordenen\code ordenen\release\util.obj
c:\users\e.l.jenneskens\documents\git\thesis_matrix_part\the_matrix_partitioner\code ordenen\code ordenen\release\symmetry.obj
c:\users\e.l.jenneskens\documents\git\thesis_matrix_part\the_matrix_partitioner\code ordenen\code ordenen\release\input.obj
c:\users\e.l.jenneskens\documents\git\thesis_matrix_part\the_matrix_partitioner\code ordenen\code ordenen\release\possible_states.obj
c:\users\e.l.jenneskens\documents\git\thesis_matrix_part\the_matrix_partitioner\code ordenen\code ordenen\release\output.obj
c:\users\e.l.jenneskens\documents\git\thesis_matrix_part\the_matrix_partitioner\code ordenen\code ordenen\release\matrix.obj
c:\users\e.l.jenneskens\documents\git\thesis_matrix_part\the_matrix_partitioner\code ordenen\code ordenen\release\main.obj
c:\users\e.l.jenneskens\documents\git\thesis_matrix_part\the_matrix_partitioner\code ordenen\code ordenen\release\lower_bounds.obj
c:\users\e.l.jenneskens\documents\git\thesis_matrix_part\the_matrix_partitioner\code ordenen\release\code ordenen.ipdb
c:\users\e.l.jenneskens\documents\git\thesis_matrix_part\the_matrix_partitioner\code ordenen\release\code ordenen.iobj
c:\users\e.l.jenneskens\documents\git\thesis_matrix_part\the_matrix_partitioner\code ordenen\release\code ordenen.exe
c:\users\e.l.jenneskens\documents\git\thesis_matrix_part\the_matrix_partitioner\code ordenen\release\code ordenen.pdb
c:\users\e.l.jenneskens\documents\git\thesis_matrix_part\the_matrix_partitioner\code ordenen\code ordenen\release\code ordenen.tlog\cl.command.1.tlog
c:\users\e.l.jenneskens\documents\git\thesis_matrix_part\the_matrix_partitioner\code ordenen\code ordenen\release\code ordenen.tlog\cl.read.1.tlog
c:\users\e.l.jenneskens\documents\git\thesis_matrix_part\the_matrix_partitioner\code ordenen\code ordenen\release\code ordenen.tlog\cl.write.1.tlog
c:\users\e.l.jenneskens\documents\git\thesis_matrix_part\the_matrix_partitioner\code ordenen\code ordenen\release\code ordenen.tlog\code ordenen.write.1u.tlog
c:\users\e.l.jenneskens\documents\git\thesis_matrix_part\the_matrix_partitioner\code ordenen\code ordenen\release\code ordenen.tlog\link.command.1.tlog
c:\users\e.l.jenneskens\documents\git\thesis_matrix_part\the_matrix_partitioner\code ordenen\code ordenen\release\code ordenen.tlog\link.read.1.tlog
c:\users\e.l.jenneskens\documents\git\thesis_matrix_part\the_matrix_partitioner\code ordenen\code ordenen\release\code ordenen.tlog\link.write.1.tlog
